<?xml version="1.0" encoding="UTF-8"?>
<!-- Generated by org.testng.reporters.JUnitXMLReporter -->
<testsuite hostname="RAJESH-PC" ignored="0" tests="1" failures="0" timestamp="21 Jul 2019 05:54:11 GMT" time="1.881" errors="0">
  <testcase name="@BeforeClass setUp" time="1.852" classname="TestGrid">
    <failure type="org.openqa.selenium.SessionNotCreatedException" message="Unable to find a matching set of capabilities
Build info: version: &amp;apos;3.8.1&amp;apos;, revision: &amp;apos;6e95a6684b&amp;apos;, time: &amp;apos;2017-12-01T19:05:32.194Z&amp;apos;
System info: host: &amp;apos;DESKTOP-S94NNUM&amp;apos;, ip: &amp;apos;192.168.43.142&amp;apos;, os.name: &amp;apos;Windows 10&amp;apos;, os.arch: &amp;apos;x86&amp;apos;, os.version: &amp;apos;10.0&amp;apos;, java.version: &amp;apos;1.8.0_131&amp;apos;
Driver info: driver.version: unknown
remote stacktrace: 
Command duration or timeout: 967 milliseconds">
      <![CDATA[org.openqa.selenium.SessionNotCreatedException: Unable to find a matching set of capabilities
Build info: version: '3.8.1', revision: '6e95a6684b', time: '2017-12-01T19:05:32.194Z'
System info: host: 'DESKTOP-S94NNUM', ip: '192.168.43.142', os.name: 'Windows 10', os.arch: 'x86', os.version: '10.0', java.version: '1.8.0_131'
Driver info: driver.version: unknown
remote stacktrace: 
Command duration or timeout: 967 milliseconds
at org.openqa.selenium.remote.ErrorHandler.createThrowable(ErrorHandler.java:214)
at org.openqa.selenium.remote.ErrorHandler.throwIfResponseFailed(ErrorHandler.java:166)
at org.openqa.selenium.remote.JsonWireProtocolResponse.lambda$new$0(JsonWireProtocolResponse.java:53)
at org.openqa.selenium.remote.JsonWireProtocolResponse.lambda$getResponseFunction$2(JsonWireProtocolResponse.java:91)
at org.openqa.selenium.remote.ProtocolHandshake.lambda$createSession$0(ProtocolHandshake.java:123)
at java.util.stream.ReferencePipeline$3$1.accept(Unknown Source)
at java.util.Spliterators$ArraySpliterator.tryAdvance(Unknown Source)
at java.util.stream.ReferencePipeline.forEachWithCancel(Unknown Source)
at java.util.stream.AbstractPipeline.copyIntoWithCancel(Unknown Source)
at java.util.stream.AbstractPipeline.copyInto(Unknown Source)
at java.util.stream.AbstractPipeline.wrapAndCopyInto(Unknown Source)
at java.util.stream.FindOps$FindOp.evaluateSequential(Unknown Source)
at java.util.stream.AbstractPipeline.evaluate(Unknown Source)
at java.util.stream.ReferencePipeline.findFirst(Unknown Source)
at org.openqa.selenium.remote.ProtocolHandshake.createSession(ProtocolHandshake.java:126)
at org.openqa.selenium.remote.ProtocolHandshake.createSession(ProtocolHandshake.java:73)
at org.openqa.selenium.remote.HttpCommandExecutor.execute(HttpCommandExecutor.java:136)
at org.openqa.selenium.remote.RemoteWebDriver.execute(RemoteWebDriver.java:543)
at org.openqa.selenium.remote.RemoteWebDriver.startSession(RemoteWebDriver.java:207)
at org.openqa.selenium.remote.RemoteWebDriver.<init>(RemoteWebDriver.java:130)
at org.openqa.selenium.remote.RemoteWebDriver.<init>(RemoteWebDriver.java:143)
at TestGrid.setUp(TestGrid.java:40)
at java.util.concurrent.FutureTask.run(Unknown Source)
at java.util.concurrent.ThreadPoolExecutor.runWorker(Unknown Source)
at java.util.concurrent.ThreadPoolExecutor$Worker.run(Unknown Source)
at java.lang.Thread.run(Unknown Source)
Caused by: org.openqa.selenium.SessionNotCreatedException: Unable to find a matching set of capabilities
Build info: version: '3.8.1', revision: '6e95a6684b', time: '2017-12-01T19:05:32.194Z'
System info: host: 'DESKTOP-S94NNUM', ip: '192.168.43.142', os.name: 'Windows 10', os.arch: 'x86', os.version: '10.0', java.version: '1.8.0_131'
Driver info: driver.version: unknown
remote stacktrace: 
Build info: version: '3.12.0', revision: '7c6e0b3', time: '2018-05-08T15:15:08.936Z'
System info: host: 'RAJESH-PC', ip: '192.168.43.139', os.name: 'Windows 7', os.arch: 'x86', os.version: '6.1', java.version: '1.8.0_131'
Driver info: driver.version: unknown
at org.openqa.selenium.remote.W3CHandshakeResponse.lambda$new$0(W3CHandshakeResponse.java:57)
at org.openqa.selenium.remote.W3CHandshakeResponse.lambda$getResponseFunction$2(W3CHandshakeResponse.java:104)
at org.openqa.selenium.remote.ProtocolHandshake.lambda$createSession$0(ProtocolHandshake.java:123)
at java.util.stream.ReferencePipeline$3$1.accept(Unknown Source)
at java.util.Spliterators$ArraySpliterator.tryAdvance(Unknown Source)
at java.util.stream.ReferencePipeline.forEachWithCancel(Unknown Source)
at java.util.stream.AbstractPipeline.copyIntoWithCancel(Unknown Source)
at java.util.stream.AbstractPipeline.copyInto(Unknown Source)
at java.util.stream.AbstractPipeline.wrapAndCopyInto(Unknown Source)
at java.util.stream.FindOps$FindOp.evaluateSequential(Unknown Source)
at java.util.stream.AbstractPipeline.evaluate(Unknown Source)
at java.util.stream.ReferencePipeline.findFirst(Unknown Source)
at org.openqa.selenium.remote.ProtocolHandshake.createSession(ProtocolHandshake.java:126)
at org.openqa.selenium.remote.ProtocolHandshake.createSession(ProtocolHandshake.java:73)
at org.openqa.selenium.remote.server.ServicedSession$Factory.apply(ServicedSession.java:232)
at org.openqa.selenium.remote.server.ActiveSessionFactory.lambda$apply$11(ActiveSessionFactory.java:167)
at java.util.stream.ReferencePipeline$3$1.accept(Unknown Source)
at java.util.stream.ReferencePipeline$3$1.accept(Unknown Source)
at java.util.stream.ReferencePipeline$11$1.accept(Unknown Source)
at java.util.stream.ReferencePipeline$2$1.accept(Unknown Source)
at java.util.Spliterators$ArraySpliterator.tryAdvance(Unknown Source)
at java.util.stream.ReferencePipeline.forEachWithCancel(Unknown Source)
at java.util.stream.AbstractPipeline.copyIntoWithCancel(Unknown Source)
at java.util.stream.AbstractPipeline.copyInto(Unknown Source)
at java.util.stream.AbstractPipeline.wrapAndCopyInto(Unknown Source)
at java.util.stream.FindOps$FindOp.evaluateSequential(Unknown Source)
at java.util.stream.AbstractPipeline.evaluate(Unknown Source)
at java.util.stream.ReferencePipeline.findFirst(Unknown Source)
at org.openqa.selenium.remote.server.ActiveSessionFactory.apply(ActiveSessionFactory.java:170)
at org.openqa.selenium.remote.server.NewSessionPipeline.lambda$null$1(NewSessionPipeline.java:44)
at java.util.stream.ReferencePipeline$3$1.accept(Unknown Source)
at java.util.Collections$2.tryAdvance(Unknown Source)
at java.util.stream.ReferencePipeline.forEachWithCancel(Unknown Source)
at java.util.stream.AbstractPipeline.copyIntoWithCancel(Unknown Source)
at java.util.stream.AbstractPipeline.copyInto(Unknown Source)
at java.util.stream.AbstractPipeline.wrapAndCopyInto(Unknown Source)
at java.util.stream.FindOps$FindOp.evaluateSequential(Unknown Source)
at java.util.stream.AbstractPipeline.evaluate(Unknown Source)
at java.util.stream.ReferencePipeline.findFirst(Unknown Source)
at org.openqa.selenium.remote.server.NewSessionPipeline.lambda$createNewSession$2(NewSessionPipeline.java:47)
at java.util.stream.ReferencePipeline$3$1.accept(Unknown Source)
at java.util.stream.ReferencePipeline$3$1.accept(Unknown Source)
at java.util.stream.ReferencePipeline$3$1.accept(Unknown Source)
at java.util.stream.DistinctOps$1$2.accept(Unknown Source)
at java.util.stream.ReferencePipeline$2$1.accept(Unknown Source)
at java.util.stream.ReferencePipeline$3$1.accept(Unknown Source)
at java.util.stream.ReferencePipeline$2$1.accept(Unknown Source)
at java.util.stream.Streams$StreamBuilderImpl.tryAdvance(Unknown Source)
at java.util.stream.Streams$ConcatSpliterator.tryAdvance(Unknown Source)
at java.util.stream.ReferencePipeline.forEachWithCancel(Unknown Source)
at java.util.stream.AbstractPipeline.copyIntoWithCancel(Unknown Source)
at java.util.stream.AbstractPipeline.copyInto(Unknown Source)
at java.util.stream.AbstractPipeline.wrapAndCopyInto(Unknown Source)
at java.util.stream.FindOps$FindOp.evaluateSequential(Unknown Source)
at java.util.stream.AbstractPipeline.evaluate(Unknown Source)
at java.util.stream.ReferencePipeline.findFirst(Unknown Source)
at org.openqa.selenium.remote.server.NewSessionPipeline.createNewSession(NewSessionPipeline.java:50)
at org.openqa.selenium.remote.server.commandhandler.BeginSession.execute(BeginSession.java:77)
at org.openqa.selenium.remote.server.WebDriverServlet.lambda$handle$0(WebDriverServlet.java:240)
at java.util.concurrent.Executors$RunnableAdapter.call(Unknown Source)
... 4 more
... Removed 25 stack frames]]>
    </failure>
  </testcase> <!-- @BeforeClass setUp -->
  <testcase name="logintest" time="0.0" classname="TestGrid">
    <skipped/>
  </testcase> <!-- logintest -->
</testsuite>
